<?xml version="1.0" encoding="UTF-8"?>
<testng-results ignored="0" total="1" passed="1" failed="0" skipped="0">
  <reporter-output>
  </reporter-output>
  <suite started-at="2020-09-17T10:23:53 EET" name="Default suite" finished-at="2020-09-17T10:24:04 EET" duration-ms="11382">
    <groups>
    </groups>
    <test started-at="2020-09-17T10:23:53 EET" name="Default test" finished-at="2020-09-17T10:24:04 EET" duration-ms="11382">
      <class name="Test.testfire.LoginPage">
        <test-method signature="login()[pri:0, instance:Test.testfire.LoginPage@672872e1]" started-at="2020-09-17T10:23:53 EET" name="login" finished-at="2020-09-17T10:24:04 EET" duration-ms="11341" status="PASS">
          <reporter-output>
          </reporter-output>
        </test-method> <!-- login -->
      </class> <!-- Test.testfire.LoginPage -->
    </test> <!-- Default test -->
  </suite> <!-- Default suite -->
</testng-results>
